<?xml version="1.0" encoding="UTF-8"?>
<!-- Generated by org.testng.reporters.JUnitReportReporter -->
<testsuite hostname="LAPTOP-8A25TH8Q" failures="0" tests="1" name="com.automation.GETdemo" time="2.647" errors="0" timestamp="2025-06-15T12:55:55 IST" skipped="0">
  <testcase classname="com.automation.GETdemo" name="validateGetRequest" time="2.647"/>
</testsuite> <!-- com.automation.GETdemo -->
